<?xml version="1.0" encoding="UTF-8"?>
<!-- Generated by org.testng.reporters.JUnitReportReporter -->
<testsuite hostname="Raja" failures="0" tests="1" name="testNG.TNG_002" time="19.259" errors="0" timestamp="2022-06-11T23:52:14 IST" skipped="0">
  <testcase classname="testNG.TNG_002" name="amazon" time="19.259"/>
  <system-out/>
</testsuite> <!-- testNG.TNG_002 -->
