<?xml version="1.0" encoding="UTF-8"?>
<!-- Generated by org.testng.reporters.JUnitReportReporter -->
<testsuite skipped="0" hostname="Raja" name="testNG.TNG_002" tests="1" failures="0" timestamp="12 Jun 2022 12:19:06 GMT" time="19.133" errors="0">
  <testcase name="amazon" time="19.133" classname="testNG.TNG_002"/>
</testsuite> <!-- testNG.TNG_002 -->
